十一月 20, 2019 9:34:22 上午 org.apache.catalina.core.AprLifecycleListener init
信息: The APR based Apache Tomcat Native library which allows optimal performance in production environments was not found on the java.library.path: H:\javaJDK\bin;C:\WINDOWS\Sun\Java\bin;C:\WINDOWS\system32;C:\WINDOWS;C:\Program Files (x86)\Common Files\Oracle\Java\javapath;H:\javaJDK\bin;H:\javaJDK\jre\bin;E:\javaMysql\bin;E:\mysql\bin;E:\apache-maven-3.6.1\bin;C:\WINDOWS\system32;C:\WINDOWS;C:\WINDOWS\System32\Wbem;C:\WINDOWS\System32\WindowsPowerShell\v1.0\;C:\WINDOWS\System32\OpenSSH\;E:\gradle-5.6.2-all\gradle-5.6.2\bin;E:\SVN\SVNserver\bin;E:\SVN\TortoiseSVN-1.12.2.28653-x64-svn-1.12.2\bin;C:\Users\AUSU\AppData\Local\Microsoft\WindowsApps;;.
十一月 20, 2019 9:34:23 上午 org.apache.coyote.AbstractProtocol init
信息: Initializing ProtocolHandler ["http-bio-8999"]
十一月 20, 2019 9:34:23 上午 org.apache.coyote.AbstractProtocol init
信息: Initializing ProtocolHandler ["ajp-bio-8009"]
十一月 20, 2019 9:34:23 上午 org.apache.catalina.startup.Catalina load
信息: Initialization processed in 1413 ms
十一月 20, 2019 9:34:23 上午 org.apache.catalina.core.StandardService startInternal
信息: Starting service Catalina
十一月 20, 2019 9:34:23 上午 org.apache.catalina.core.StandardEngine startInternal
信息: Starting Servlet Engine: Apache Tomcat/7.0.52
十一月 20, 2019 9:34:23 上午 org.apache.catalina.startup.HostConfig deployWAR
信息: Deploying web application archive F:\a.code\ideaHome03\SSM_Shopping\SSM_Shopping02\apache-tomcat-CAS02\webapps\cas.war
十一月 20, 2019 9:34:30 上午 org.apache.catalina.startup.HostConfig deployDirectory
信息: Deploying web application directory F:\a.code\ideaHome03\SSM_Shopping\SSM_Shopping02\apache-tomcat-CAS02\webapps\docs
十一月 20, 2019 9:34:30 上午 org.apache.catalina.startup.HostConfig deployDirectory
信息: Deploying web application directory F:\a.code\ideaHome03\SSM_Shopping\SSM_Shopping02\apache-tomcat-CAS02\webapps\examples
十一月 20, 2019 9:34:31 上午 org.apache.catalina.startup.HostConfig deployDirectory
信息: Deploying web application directory F:\a.code\ideaHome03\SSM_Shopping\SSM_Shopping02\apache-tomcat-CAS02\webapps\host-manager
十一月 20, 2019 9:34:31 上午 org.apache.catalina.startup.HostConfig deployDirectory
信息: Deploying web application directory F:\a.code\ideaHome03\SSM_Shopping\SSM_Shopping02\apache-tomcat-CAS02\webapps\manager
十一月 20, 2019 9:34:31 上午 org.apache.catalina.startup.HostConfig deployDirectory
信息: Deploying web application directory F:\a.code\ideaHome03\SSM_Shopping\SSM_Shopping02\apache-tomcat-CAS02\webapps\ROOT
十一月 20, 2019 9:34:31 上午 org.apache.coyote.AbstractProtocol start
信息: Starting ProtocolHandler ["http-bio-8999"]
十一月 20, 2019 9:34:31 上午 org.apache.coyote.AbstractProtocol start
信息: Starting ProtocolHandler ["ajp-bio-8009"]
十一月 20, 2019 9:34:31 上午 org.apache.catalina.startup.Catalina start
信息: Server startup in 8208 ms
十一月 20, 2019 6:10:29 下午 org.apache.catalina.core.StandardServer await
信息: A valid shutdown command was received via the shutdown port. Stopping the Server instance.
十一月 20, 2019 6:10:29 下午 org.apache.coyote.AbstractProtocol pause
信息: Pausing ProtocolHandler ["http-bio-8999"]
十一月 20, 2019 6:10:30 下午 org.apache.coyote.AbstractProtocol pause
信息: Pausing ProtocolHandler ["ajp-bio-8009"]
十一月 20, 2019 6:10:30 下午 org.apache.catalina.core.StandardService stopInternal
信息: Stopping service Catalina
十一月 20, 2019 6:10:31 下午 org.apache.catalina.loader.WebappClassLoader clearReferencesThreads
严重: The web application [/cas] appears to have started a thread named [perf4j-async-stats-appender-sink-CoalescingStatistics] but has failed to stop it. This is very likely to create a memory leak.
十一月 20, 2019 6:10:31 下午 org.apache.catalina.loader.WebappClassLoader clearReferencesThreads
严重: The web application [/cas] appears to have started a thread named [FileWatchdog] but has failed to stop it. This is very likely to create a memory leak.
十一月 20, 2019 6:10:31 下午 org.apache.catalina.loader.WebappClassLoader clearReferencesThreads
严重: The web application [/cas] appears to have started a thread named [scheduler_Worker-1] but has failed to stop it. This is very likely to create a memory leak.
十一月 20, 2019 6:10:31 下午 org.apache.catalina.loader.WebappClassLoader clearReferencesThreads
严重: The web application [/cas] appears to have started a thread named [scheduler_Worker-2] but has failed to stop it. This is very likely to create a memory leak.
十一月 20, 2019 6:10:31 下午 org.apache.catalina.loader.WebappClassLoader clearReferencesThreads
严重: The web application [/cas] appears to have started a thread named [scheduler_Worker-3] but has failed to stop it. This is very likely to create a memory leak.
十一月 20, 2019 6:10:31 下午 org.apache.catalina.loader.WebappClassLoader clearReferencesThreads
严重: The web application [/cas] appears to have started a thread named [scheduler_Worker-4] but has failed to stop it. This is very likely to create a memory leak.
十一月 20, 2019 6:10:31 下午 org.apache.catalina.loader.WebappClassLoader clearReferencesThreads
严重: The web application [/cas] appears to have started a thread named [scheduler_Worker-5] but has failed to stop it. This is very likely to create a memory leak.
十一月 20, 2019 6:10:31 下午 org.apache.catalina.loader.WebappClassLoader clearReferencesThreads
严重: The web application [/cas] appears to have started a thread named [scheduler_Worker-6] but has failed to stop it. This is very likely to create a memory leak.
十一月 20, 2019 6:10:31 下午 org.apache.catalina.loader.WebappClassLoader clearReferencesThreads
严重: The web application [/cas] appears to have started a thread named [scheduler_Worker-7] but has failed to stop it. This is very likely to create a memory leak.
十一月 20, 2019 6:10:31 下午 org.apache.catalina.loader.WebappClassLoader clearReferencesThreads
严重: The web application [/cas] appears to have started a thread named [scheduler_Worker-8] but has failed to stop it. This is very likely to create a memory leak.
十一月 20, 2019 6:10:31 下午 org.apache.catalina.loader.WebappClassLoader clearReferencesThreads
严重: The web application [/cas] appears to have started a thread named [scheduler_Worker-9] but has failed to stop it. This is very likely to create a memory leak.
十一月 20, 2019 6:10:31 下午 org.apache.catalina.loader.WebappClassLoader clearReferencesThreads
严重: The web application [/cas] appears to have started a thread named [scheduler_Worker-10] but has failed to stop it. This is very likely to create a memory leak.
十一月 20, 2019 6:10:31 下午 org.apache.coyote.AbstractProtocol stop
信息: Stopping ProtocolHandler ["http-bio-8999"]
十一月 20, 2019 6:10:31 下午 org.apache.coyote.AbstractProtocol stop
信息: Stopping ProtocolHandler ["ajp-bio-8009"]
十一月 20, 2019 6:10:31 下午 org.apache.coyote.AbstractProtocol destroy
信息: Destroying ProtocolHandler ["http-bio-8999"]
十一月 20, 2019 6:10:31 下午 org.apache.coyote.AbstractProtocol destroy
信息: Destroying ProtocolHandler ["ajp-bio-8009"]
