十一月 17, 2019 11:59:15 上午 org.apache.catalina.core.ApplicationContext log
信息: No Spring WebApplicationInitializer types detected on classpath
十一月 17, 2019 11:59:15 上午 org.apache.catalina.core.ApplicationContext log
信息: Initializing Spring root WebApplicationContext
十一月 17, 2019 11:59:17 上午 org.apache.catalina.core.ApplicationContext log
信息: Initializing Spring FrameworkServlet 'cas'
十一月 17, 2019 11:59:19 上午 org.apache.catalina.core.ApplicationContext log
信息: ContextListener: contextInitialized()
十一月 17, 2019 11:59:19 上午 org.apache.catalina.core.ApplicationContext log
信息: SessionListener: contextInitialized()
十一月 17, 2019 11:59:19 上午 org.apache.catalina.core.ApplicationContext log
信息: ContextListener: attributeAdded('org.apache.jasper.compiler.TldLocationsCache', 'org.apache.jasper.compiler.TldLocationsCache@70126460')
十一月 17, 2019 12:01:57 下午 org.apache.catalina.core.ApplicationContext log
信息: Closing Spring root WebApplicationContext
十一月 17, 2019 12:01:57 下午 org.apache.catalina.core.ApplicationContext log
信息: SessionListener: contextDestroyed()
十一月 17, 2019 12:01:57 下午 org.apache.catalina.core.ApplicationContext log
信息: ContextListener: contextDestroyed()
十一月 17, 2019 12:19:47 下午 org.apache.catalina.core.ApplicationContext log
信息: No Spring WebApplicationInitializer types detected on classpath
十一月 17, 2019 12:19:47 下午 org.apache.catalina.core.ApplicationContext log
信息: Initializing Spring root WebApplicationContext
十一月 17, 2019 12:19:49 下午 org.apache.catalina.core.ApplicationContext log
信息: Initializing Spring FrameworkServlet 'cas'
十一月 17, 2019 12:19:50 下午 org.apache.catalina.core.ApplicationContext log
信息: ContextListener: contextInitialized()
十一月 17, 2019 12:19:50 下午 org.apache.catalina.core.ApplicationContext log
信息: SessionListener: contextInitialized()
十一月 17, 2019 12:19:50 下午 org.apache.catalina.core.ApplicationContext log
信息: ContextListener: attributeAdded('org.apache.jasper.compiler.TldLocationsCache', 'org.apache.jasper.compiler.TldLocationsCache@1ae609a7')
十一月 17, 2019 12:19:50 下午 org.apache.catalina.core.ApplicationContext log
信息: Closing Spring root WebApplicationContext
十一月 17, 2019 12:19:50 下午 org.apache.catalina.core.ApplicationContext log
信息: SessionListener: contextDestroyed()
十一月 17, 2019 12:19:50 下午 org.apache.catalina.core.ApplicationContext log
信息: ContextListener: contextDestroyed()
十一月 17, 2019 12:20:35 下午 org.apache.catalina.core.ApplicationContext log
信息: No Spring WebApplicationInitializer types detected on classpath
十一月 17, 2019 12:20:35 下午 org.apache.catalina.core.ApplicationContext log
信息: Initializing Spring root WebApplicationContext
十一月 17, 2019 12:20:38 下午 org.apache.catalina.core.ApplicationContext log
信息: Initializing Spring FrameworkServlet 'cas'
十一月 17, 2019 12:20:39 下午 org.apache.catalina.core.ApplicationContext log
信息: ContextListener: contextInitialized()
十一月 17, 2019 12:20:39 下午 org.apache.catalina.core.ApplicationContext log
信息: SessionListener: contextInitialized()
十一月 17, 2019 12:20:39 下午 org.apache.catalina.core.ApplicationContext log
信息: ContextListener: attributeAdded('org.apache.jasper.compiler.TldLocationsCache', 'org.apache.jasper.compiler.TldLocationsCache@7073e87a')
十一月 17, 2019 12:20:39 下午 org.apache.catalina.core.ApplicationContext log
信息: Closing Spring root WebApplicationContext
十一月 17, 2019 12:20:39 下午 org.apache.catalina.core.ApplicationContext log
信息: SessionListener: contextDestroyed()
十一月 17, 2019 12:20:39 下午 org.apache.catalina.core.ApplicationContext log
信息: ContextListener: contextDestroyed()
十一月 17, 2019 12:20:50 下午 org.apache.catalina.core.ApplicationContext log
信息: No Spring WebApplicationInitializer types detected on classpath
十一月 17, 2019 12:20:50 下午 org.apache.catalina.core.ApplicationContext log
信息: Initializing Spring root WebApplicationContext
十一月 17, 2019 12:20:53 下午 org.apache.catalina.core.ApplicationContext log
信息: Initializing Spring FrameworkServlet 'cas'
十一月 17, 2019 12:20:54 下午 org.apache.catalina.core.ApplicationContext log
信息: ContextListener: contextInitialized()
十一月 17, 2019 12:20:54 下午 org.apache.catalina.core.ApplicationContext log
信息: SessionListener: contextInitialized()
十一月 17, 2019 12:20:54 下午 org.apache.catalina.core.ApplicationContext log
信息: ContextListener: attributeAdded('org.apache.jasper.compiler.TldLocationsCache', 'org.apache.jasper.compiler.TldLocationsCache@558c5bc3')
十一月 17, 2019 12:20:54 下午 org.apache.catalina.core.ApplicationContext log
信息: Closing Spring root WebApplicationContext
十一月 17, 2019 12:20:54 下午 org.apache.catalina.core.ApplicationContext log
信息: SessionListener: contextDestroyed()
十一月 17, 2019 12:20:54 下午 org.apache.catalina.core.ApplicationContext log
信息: ContextListener: contextDestroyed()
十一月 17, 2019 12:22:51 下午 org.apache.catalina.core.ApplicationContext log
信息: No Spring WebApplicationInitializer types detected on classpath
十一月 17, 2019 12:22:51 下午 org.apache.catalina.core.ApplicationContext log
信息: Initializing Spring root WebApplicationContext
十一月 17, 2019 12:22:53 下午 org.apache.catalina.core.ApplicationContext log
信息: Initializing Spring FrameworkServlet 'cas'
十一月 17, 2019 12:22:54 下午 org.apache.catalina.core.ApplicationContext log
信息: ContextListener: contextInitialized()
十一月 17, 2019 12:22:54 下午 org.apache.catalina.core.ApplicationContext log
信息: SessionListener: contextInitialized()
十一月 17, 2019 12:22:54 下午 org.apache.catalina.core.ApplicationContext log
信息: ContextListener: attributeAdded('org.apache.jasper.compiler.TldLocationsCache', 'org.apache.jasper.compiler.TldLocationsCache@2fe82d97')
十一月 17, 2019 12:22:58 下午 org.apache.catalina.core.ApplicationContext log
信息: Closing Spring root WebApplicationContext
十一月 17, 2019 12:22:58 下午 org.apache.catalina.core.ApplicationContext log
信息: SessionListener: contextDestroyed()
十一月 17, 2019 12:22:58 下午 org.apache.catalina.core.ApplicationContext log
信息: ContextListener: contextDestroyed()
十一月 17, 2019 12:29:57 下午 org.apache.catalina.core.ApplicationContext log
信息: No Spring WebApplicationInitializer types detected on classpath
十一月 17, 2019 12:29:57 下午 org.apache.catalina.core.ApplicationContext log
信息: Initializing Spring root WebApplicationContext
十一月 17, 2019 12:30:00 下午 org.apache.catalina.core.ApplicationContext log
信息: Initializing Spring FrameworkServlet 'cas'
十一月 17, 2019 12:30:00 下午 org.apache.catalina.core.ApplicationContext log
信息: ContextListener: contextInitialized()
十一月 17, 2019 12:30:00 下午 org.apache.catalina.core.ApplicationContext log
信息: SessionListener: contextInitialized()
十一月 17, 2019 12:30:00 下午 org.apache.catalina.core.ApplicationContext log
信息: ContextListener: attributeAdded('org.apache.jasper.compiler.TldLocationsCache', 'org.apache.jasper.compiler.TldLocationsCache@4cfc1489')
十一月 17, 2019 12:32:09 下午 org.apache.catalina.core.ApplicationContext log
信息: Closing Spring root WebApplicationContext
十一月 17, 2019 12:32:09 下午 org.apache.catalina.core.ApplicationContext log
信息: SessionListener: contextDestroyed()
十一月 17, 2019 12:32:09 下午 org.apache.catalina.core.ApplicationContext log
信息: ContextListener: contextDestroyed()
十一月 17, 2019 12:32:19 下午 org.apache.catalina.core.ApplicationContext log
信息: No Spring WebApplicationInitializer types detected on classpath
十一月 17, 2019 12:32:19 下午 org.apache.catalina.core.ApplicationContext log
信息: Initializing Spring root WebApplicationContext
十一月 17, 2019 12:32:21 下午 org.apache.catalina.core.ApplicationContext log
信息: Initializing Spring FrameworkServlet 'cas'
十一月 17, 2019 12:32:21 下午 org.apache.catalina.core.ApplicationContext log
信息: ContextListener: contextInitialized()
十一月 17, 2019 12:32:21 下午 org.apache.catalina.core.ApplicationContext log
信息: SessionListener: contextInitialized()
十一月 17, 2019 12:32:21 下午 org.apache.catalina.core.ApplicationContext log
信息: ContextListener: attributeAdded('org.apache.jasper.compiler.TldLocationsCache', 'org.apache.jasper.compiler.TldLocationsCache@51748ecd')
十一月 17, 2019 12:39:54 下午 org.apache.catalina.core.ApplicationContext log
信息: Closing Spring root WebApplicationContext
十一月 17, 2019 12:39:54 下午 org.apache.catalina.core.ApplicationContext log
信息: SessionListener: contextDestroyed()
十一月 17, 2019 12:39:54 下午 org.apache.catalina.core.ApplicationContext log
信息: ContextListener: contextDestroyed()
十一月 17, 2019 12:45:23 下午 org.apache.catalina.core.ApplicationContext log
信息: No Spring WebApplicationInitializer types detected on classpath
十一月 17, 2019 12:45:23 下午 org.apache.catalina.core.ApplicationContext log
信息: Initializing Spring root WebApplicationContext
十一月 17, 2019 12:45:25 下午 org.apache.catalina.core.ApplicationContext log
信息: Initializing Spring FrameworkServlet 'cas'
十一月 17, 2019 12:45:26 下午 org.apache.catalina.core.ApplicationContext log
信息: ContextListener: contextInitialized()
十一月 17, 2019 12:45:26 下午 org.apache.catalina.core.ApplicationContext log
信息: SessionListener: contextInitialized()
十一月 17, 2019 12:45:26 下午 org.apache.catalina.core.ApplicationContext log
信息: ContextListener: attributeAdded('org.apache.jasper.compiler.TldLocationsCache', 'org.apache.jasper.compiler.TldLocationsCache@3ea6b664')
十一月 17, 2019 12:46:04 下午 org.apache.catalina.core.ApplicationContext log
信息: Closing Spring root WebApplicationContext
十一月 17, 2019 12:46:04 下午 org.apache.catalina.core.ApplicationContext log
信息: SessionListener: contextDestroyed()
十一月 17, 2019 12:46:04 下午 org.apache.catalina.core.ApplicationContext log
信息: ContextListener: contextDestroyed()
十一月 17, 2019 12:46:34 下午 org.apache.catalina.core.ApplicationContext log
信息: No Spring WebApplicationInitializer types detected on classpath
十一月 17, 2019 12:46:35 下午 org.apache.catalina.core.ApplicationContext log
信息: Initializing Spring root WebApplicationContext
十一月 17, 2019 12:46:37 下午 org.apache.catalina.core.ApplicationContext log
信息: Initializing Spring FrameworkServlet 'cas'
十一月 17, 2019 12:46:37 下午 org.apache.catalina.core.ApplicationContext log
信息: ContextListener: contextInitialized()
十一月 17, 2019 12:46:37 下午 org.apache.catalina.core.ApplicationContext log
信息: SessionListener: contextInitialized()
十一月 17, 2019 12:46:37 下午 org.apache.catalina.core.ApplicationContext log
信息: ContextListener: attributeAdded('org.apache.jasper.compiler.TldLocationsCache', 'org.apache.jasper.compiler.TldLocationsCache@10302dc6')
十一月 17, 2019 12:47:28 下午 org.apache.catalina.core.ApplicationContext log
信息: Closing Spring root WebApplicationContext
十一月 17, 2019 12:47:28 下午 org.apache.catalina.core.ApplicationContext log
信息: SessionListener: contextDestroyed()
十一月 17, 2019 12:47:28 下午 org.apache.catalina.core.ApplicationContext log
信息: ContextListener: contextDestroyed()
十一月 17, 2019 12:50:57 下午 org.apache.catalina.core.ApplicationContext log
信息: No Spring WebApplicationInitializer types detected on classpath
十一月 17, 2019 12:50:57 下午 org.apache.catalina.core.ApplicationContext log
信息: Initializing Spring root WebApplicationContext
十一月 17, 2019 12:50:59 下午 org.apache.catalina.core.ApplicationContext log
信息: Initializing Spring FrameworkServlet 'cas'
十一月 17, 2019 12:51:00 下午 org.apache.catalina.core.ApplicationContext log
信息: ContextListener: contextInitialized()
十一月 17, 2019 12:51:00 下午 org.apache.catalina.core.ApplicationContext log
信息: SessionListener: contextInitialized()
十一月 17, 2019 12:51:00 下午 org.apache.catalina.core.ApplicationContext log
信息: ContextListener: attributeAdded('org.apache.jasper.compiler.TldLocationsCache', 'org.apache.jasper.compiler.TldLocationsCache@79b01d6c')
十一月 17, 2019 1:57:50 下午 org.apache.catalina.core.ApplicationContext log
信息: Closing Spring root WebApplicationContext
十一月 17, 2019 1:57:50 下午 org.apache.catalina.core.ApplicationContext log
信息: SessionListener: contextDestroyed()
十一月 17, 2019 1:57:50 下午 org.apache.catalina.core.ApplicationContext log
信息: ContextListener: contextDestroyed()
十一月 17, 2019 2:03:10 下午 org.apache.catalina.core.ApplicationContext log
信息: No Spring WebApplicationInitializer types detected on classpath
十一月 17, 2019 2:03:10 下午 org.apache.catalina.core.ApplicationContext log
信息: Initializing Spring root WebApplicationContext
十一月 17, 2019 2:03:13 下午 org.apache.catalina.core.ApplicationContext log
信息: Initializing Spring FrameworkServlet 'cas'
十一月 17, 2019 2:03:13 下午 org.apache.catalina.core.ApplicationContext log
信息: ContextListener: contextInitialized()
十一月 17, 2019 2:03:13 下午 org.apache.catalina.core.ApplicationContext log
信息: SessionListener: contextInitialized()
十一月 17, 2019 2:03:13 下午 org.apache.catalina.core.ApplicationContext log
信息: ContextListener: attributeAdded('org.apache.jasper.compiler.TldLocationsCache', 'org.apache.jasper.compiler.TldLocationsCache@3bc6eafc')
十一月 17, 2019 6:32:28 下午 org.apache.catalina.core.ApplicationContext log
信息: Closing Spring root WebApplicationContext
十一月 17, 2019 6:32:29 下午 org.apache.catalina.core.ApplicationContext log
信息: SessionListener: contextDestroyed()
十一月 17, 2019 6:32:29 下午 org.apache.catalina.core.ApplicationContext log
信息: ContextListener: contextDestroyed()
十一月 17, 2019 6:32:39 下午 org.apache.catalina.core.ApplicationContext log
信息: No Spring WebApplicationInitializer types detected on classpath
十一月 17, 2019 6:32:39 下午 org.apache.catalina.core.ApplicationContext log
信息: Initializing Spring root WebApplicationContext
十一月 17, 2019 6:32:42 下午 org.apache.catalina.core.ApplicationContext log
信息: Initializing Spring FrameworkServlet 'cas'
十一月 17, 2019 6:32:43 下午 org.apache.catalina.core.ApplicationContext log
信息: ContextListener: contextInitialized()
十一月 17, 2019 6:32:43 下午 org.apache.catalina.core.ApplicationContext log
信息: SessionListener: contextInitialized()
十一月 17, 2019 6:32:43 下午 org.apache.catalina.core.ApplicationContext log
信息: ContextListener: attributeAdded('org.apache.jasper.compiler.TldLocationsCache', 'org.apache.jasper.compiler.TldLocationsCache@79b01d6c')
十一月 17, 2019 11:26:13 下午 org.apache.catalina.core.ApplicationContext log
信息: Closing Spring root WebApplicationContext
十一月 17, 2019 11:26:15 下午 org.apache.catalina.core.ApplicationContext log
信息: SessionListener: contextDestroyed()
十一月 17, 2019 11:26:15 下午 org.apache.catalina.core.ApplicationContext log
信息: ContextListener: contextDestroyed()
