十一月 18, 2019 12:58:58 下午 org.apache.catalina.core.ApplicationContext log
信息: No Spring WebApplicationInitializer types detected on classpath
十一月 18, 2019 12:58:58 下午 org.apache.catalina.core.ApplicationContext log
信息: Initializing Spring root WebApplicationContext
十一月 18, 2019 12:59:03 下午 org.apache.catalina.core.ApplicationContext log
信息: Initializing Spring FrameworkServlet 'cas'
十一月 18, 2019 12:59:07 下午 org.apache.catalina.core.ApplicationContext log
信息: ContextListener: contextInitialized()
十一月 18, 2019 12:59:07 下午 org.apache.catalina.core.ApplicationContext log
信息: SessionListener: contextInitialized()
十一月 18, 2019 12:59:07 下午 org.apache.catalina.core.ApplicationContext log
信息: ContextListener: attributeAdded('org.apache.jasper.compiler.TldLocationsCache', 'org.apache.jasper.compiler.TldLocationsCache@4b12c117')
十一月 18, 2019 7:41:43 下午 org.apache.catalina.core.ApplicationContext log
信息: Closing Spring root WebApplicationContext
十一月 18, 2019 7:41:44 下午 org.apache.catalina.core.ApplicationContext log
信息: SessionListener: contextDestroyed()
十一月 18, 2019 7:41:44 下午 org.apache.catalina.core.ApplicationContext log
信息: ContextListener: contextDestroyed()
十一月 18, 2019 8:43:41 下午 org.apache.catalina.core.ApplicationContext log
信息: No Spring WebApplicationInitializer types detected on classpath
十一月 18, 2019 8:43:41 下午 org.apache.catalina.core.ApplicationContext log
信息: Initializing Spring root WebApplicationContext
十一月 18, 2019 8:43:44 下午 org.apache.catalina.core.ApplicationContext log
信息: Initializing Spring FrameworkServlet 'cas'
十一月 18, 2019 8:43:46 下午 org.apache.catalina.core.ApplicationContext log
信息: ContextListener: contextInitialized()
十一月 18, 2019 8:43:46 下午 org.apache.catalina.core.ApplicationContext log
信息: SessionListener: contextInitialized()
十一月 18, 2019 8:43:46 下午 org.apache.catalina.core.ApplicationContext log
信息: ContextListener: attributeAdded('org.apache.jasper.compiler.TldLocationsCache', 'org.apache.jasper.compiler.TldLocationsCache@3bdc0f0a')
十一月 18, 2019 9:58:50 下午 org.apache.catalina.core.ApplicationContext log
信息: Closing Spring root WebApplicationContext
十一月 18, 2019 9:58:50 下午 org.apache.catalina.core.ApplicationContext log
信息: SessionListener: contextDestroyed()
十一月 18, 2019 9:58:50 下午 org.apache.catalina.core.ApplicationContext log
信息: ContextListener: contextDestroyed()
